Drill report for usb-booster.panelized.kicad_pcb
Created on 2026-06-20T17:32:44

Copper Layer Stackup:
    =============================================================
    L1 :  F.Cu                      front
    L2 :  B.Cu                      back


Drill file 'usb-booster.panelized-PTH-drl.gbr' contains
    plated through holes:
    =============================================================
    T1  0.400mm  0.0157"  (510 holes))
    T2  0.400mm  0.0157"  (192 holes))
    T3  0.600mm  0.0236"  (24 holes)  (with 24 slots)
    T4  1.200mm  0.0472"  (12 holes))
    T5  2.200mm  0.0866"  (24 holes))

    Total plated holes count 762


Drill file 'usb-booster.panelized-NPTH-drl.gbr' contains
    unplated through holes:
    =============================================================
    T1  0.500mm  0.0197"  (144 holes))
    T2  0.650mm  0.0256"  (12 holes))

    Total unplated holes count 156
