Drill report for usb-booster.kicad_pcb
Created on 2026-06-20T17:29:12

Copper Layer Stackup:
    =============================================================
    L1 :  F.Cu                      front
    L2 :  B.Cu                      back


Drill file 'usb-booster-PTH-drl.gbr' contains
    plated through holes:
    =============================================================
    T1  0.400mm  0.0157"  (85 holes))
    T2  0.400mm  0.0157"  (32 holes))
    T3  0.600mm  0.0236"  (4 holes)  (with 4 slots)
    T4  1.200mm  0.0472"  (2 holes))
    T5  2.200mm  0.0866"  (4 holes))

    Total plated holes count 127


Drill file 'usb-booster-NPTH-drl.gbr' contains
    unplated through holes:
    =============================================================
    T1  0.650mm  0.0256"  (2 holes))

    Total unplated holes count 2
